生成启动时间为 1/27/2015 3:11:58 PM。
     1>项目“D:\Data\Code\CPR\CPR\CPR\CPR.vcxproj”在节点 2 上(build 个目标)。
     1>PrepareForBuild:
         正在创建目录“D:\Data\Code\CPR\CPR\Debug\”。
       InitializeBuildStatus:
         正在创建“Debug\CPR.unsuccessfulbuild”，因为已指定“AlwaysCreate”。
       ClCompile:
         d:\ProgramFiles86\Microsoft Visual Studio 10.0\VC\bin\CL.exe /c /ZI /nologo /W3 /WX- /Od /Oy- /D WIN32 /D _WINDOWS /D _DEBUG /D _UNICODE /D UNICODE /Gm /EHsc /RTC1 /MTd /GS /fp:precise /Zc:wchar_t /Zc:forScope /Yc"StdAfx.h" /Fp"Debug\CPR.pch" /Fo"Debug\\" /Fd"Debug\vc100.pdb" /Gd /TP /analyze- /errorReport:prompt stdafx.cpp
         stdafx.cpp
         d:\ProgramFiles86\Microsoft Visual Studio 10.0\VC\bin\CL.exe /c /ZI /nologo /W3 /WX- /Od /Oy- /D WIN32 /D _WINDOWS /D _DEBUG /D _UNICODE /D UNICODE /Gm /EHsc /RTC1 /MTd /GS /fp:precise /Zc:wchar_t /Zc:forScope /Yu"StdAfx.h" /Fp"Debug\CPR.pch" /Fo"Debug\\" /Fd"Debug\vc100.pdb" /Gd /TP /analyze- /errorReport:prompt ChildFrm.cpp ClassView.cpp CPR.cpp CPRDoc.cpp CPRView.cpp FileView.cpp MainFrm.cpp OutputWnd.cpp PropertiesWnd.cpp ViewTree.cpp
         ViewTree.cpp
         PropertiesWnd.cpp
         OutputWnd.cpp
         MainFrm.cpp
         FileView.cpp
         CPRView.cpp
         CPRDoc.cpp
         CPR.cpp
         ClassView.cpp
         ChildFrm.cpp
         正在生成代码...
       ResourceCompile:
         C:\Program Files (x86)\Microsoft SDKs\Windows\v7.0A\bin\rc.exe /D _DEBUG /D _UNICODE /D UNICODE /l"0x0804" /IDebug\ /nologo /fo"Debug\CPR.res" CPR.rc 
       ManifestResourceCompile:
         C:\Program Files (x86)\Microsoft SDKs\Windows\v7.0A\bin\rc.exe /nologo /fo"Debug\CPR.exe.embed.manifest.res" Debug\CPR_manifest.rc 
       Link:
         d:\ProgramFiles86\Microsoft Visual Studio 10.0\VC\bin\link.exe /ERRORREPORT:PROMPT /OUT:"D:\Data\Code\CPR\CPR\Debug\CPR.exe" /INCREMENTAL /NOLOGO /MANIFEST /ManifestFile:"Debug\CPR.exe.intermediate.manifest" /MANIFESTUAC:"level='asInvoker' uiAccess='false'" /DEBUG /PDB:"D:\Data\Code\CPR\CPR\Debug\CPR.pdb" /SUBSYSTEM:WINDOWS /TLBID:1 /ENTRY:"wWinMainCRTStartup" /DYNAMICBASE /NXCOMPAT /IMPLIB:"D:\Data\Code\CPR\CPR\Debug\CPR.lib" /MACHINE:X86 Debug\CPR.res
         Debug\CPR.exe.embed.manifest.res
         Debug\ChildFrm.obj
         Debug\ClassView.obj
         Debug\CPR.obj
         Debug\CPRDoc.obj
         Debug\CPRView.obj
         Debug\FileView.obj
         Debug\MainFrm.obj
         Debug\OutputWnd.obj
         Debug\PropertiesWnd.obj
         Debug\stdafx.obj
         Debug\ViewTree.obj
       Manifest:
         C:\Program Files (x86)\Microsoft SDKs\Windows\v7.0A\bin\mt.exe /nologo /verbose /out:"Debug\CPR.exe.embed.manifest" /manifest Debug\CPR.exe.intermediate.manifest "d:\ProgramFiles86\Microsoft Visual Studio 10.0\VC\Include\Manifest\dpiaware.manifest"
         C:\Program Files (x86)\Microsoft SDKs\Windows\v7.0A\bin\rc.exe /nologo /fo"Debug\CPR.exe.embed.manifest.res" Debug\CPR_manifest.rc 
       LinkEmbedManifest:
         d:\ProgramFiles86\Microsoft Visual Studio 10.0\VC\bin\link.exe /ERRORREPORT:PROMPT /OUT:"D:\Data\Code\CPR\CPR\Debug\CPR.exe" /INCREMENTAL /NOLOGO /MANIFEST /ManifestFile:"Debug\CPR.exe.intermediate.manifest" /MANIFESTUAC:"level='asInvoker' uiAccess='false'" /DEBUG /PDB:"D:\Data\Code\CPR\CPR\Debug\CPR.pdb" /SUBSYSTEM:WINDOWS /TLBID:1 /ENTRY:"wWinMainCRTStartup" /DYNAMICBASE /NXCOMPAT /IMPLIB:"D:\Data\Code\CPR\CPR\Debug\CPR.lib" /MACHINE:X86 Debug\CPR.res
         Debug\CPR.exe.embed.manifest.res
         Debug\ChildFrm.obj
         Debug\ClassView.obj
         Debug\CPR.obj
         Debug\CPRDoc.obj
         Debug\CPRView.obj
         Debug\FileView.obj
         Debug\MainFrm.obj
         Debug\OutputWnd.obj
         Debug\PropertiesWnd.obj
         Debug\stdafx.obj
         Debug\ViewTree.obj
         CPR.vcxproj -> D:\Data\Code\CPR\CPR\Debug\CPR.exe
       FinalizeBuildStatus:
         正在删除文件“Debug\CPR.unsuccessfulbuild”。
         正在对“Debug\CPR.lastbuildstate”执行 Touch 任务。
     1>已完成生成项目“D:\Data\Code\CPR\CPR\CPR\CPR.vcxproj”(build 个目标)的操作。

生成成功。

已用时间 00:00:09.92
