D:\DATA\CODE\CPR\CPR\CPR\DEBUG\BATCHDLG.OBJ
D:\Data\Code\CPR\CPR\CPR\Debug\cl.command.1.tlog
D:\Data\Code\CPR\CPR\CPR\Debug\CL.read.1.tlog
D:\Data\Code\CPR\CPR\CPR\Debug\CL.write.1.tlog
D:\DATA\CODE\CPR\CPR\CPR\DEBUG\CPR.EXE.EMBED.MANIFEST
D:\DATA\CODE\CPR\CPR\CPR\DEBUG\CPR.EXE.EMBED.MANIFEST.RES
D:\Data\Code\CPR\CPR\CPR\Debug\CPR.exe.intermediate.manifest
D:\DATA\CODE\CPR\CPR\CPR\DEBUG\CPR.OBJ
D:\DATA\CODE\CPR\CPR\CPR\DEBUG\CPR.PCH
D:\DATA\CODE\CPR\CPR\CPR\DEBUG\CPR.RES
D:\Data\Code\CPR\CPR\CPR\Debug\CPR.vcxprojResolveAssemblyReference.cache
D:\Data\Code\CPR\CPR\CPR\Debug\CPR.write.1.tlog
D:\Data\Code\CPR\CPR\CPR\Debug\CPR_manifest.rc
D:\DATA\CODE\CPR\CPR\CPR\DEBUG\CPRDLG.OBJ
D:\DATA\CODE\CPR\CPR\CPR\DEBUG\CVVIMAGE.OBJ
D:\Data\Code\CPR\CPR\CPR\Debug\link.5596.read.1.tlog
D:\Data\Code\CPR\CPR\CPR\Debug\link.5596.write.1.tlog
D:\Data\Code\CPR\CPR\CPR\Debug\link.5596-cvtres.read.1.tlog
D:\Data\Code\CPR\CPR\CPR\Debug\link.5596-cvtres.write.1.tlog
D:\Data\Code\CPR\CPR\CPR\Debug\link.7496.read.1.tlog
D:\Data\Code\CPR\CPR\CPR\Debug\link.7496.write.1.tlog
D:\Data\Code\CPR\CPR\CPR\Debug\link.7496-cvtres.read.1.tlog
D:\Data\Code\CPR\CPR\CPR\Debug\link.7496-cvtres.write.1.tlog
D:\Data\Code\CPR\CPR\CPR\Debug\link.command.1.tlog
D:\Data\Code\CPR\CPR\CPR\Debug\link.read.1.tlog
D:\Data\Code\CPR\CPR\CPR\Debug\link.write.1.tlog
D:\Data\Code\CPR\CPR\CPR\Debug\link-cvtres.read.1.tlog
D:\Data\Code\CPR\CPR\CPR\Debug\link-cvtres.write.1.tlog
D:\Data\Code\CPR\CPR\CPR\Debug\mt.command.1.tlog
D:\Data\Code\CPR\CPR\CPR\Debug\mt.read.1.tlog
D:\Data\Code\CPR\CPR\CPR\Debug\mt.write.1.tlog
D:\Data\Code\CPR\CPR\CPR\Debug\rc.command.1.tlog
D:\Data\Code\CPR\CPR\CPR\Debug\rc.read.1.tlog
D:\Data\Code\CPR\CPR\CPR\Debug\rc.write.1.tlog
D:\DATA\CODE\CPR\CPR\CPR\DEBUG\STDAFX.OBJ
D:\Data\Code\CPR\CPR\CPR\Debug\vc100.idb
D:\DATA\CODE\CPR\CPR\CPR\DEBUG\VC100.PDB
D:\Data\Code\CPR\CPR\Debug\CPR.pdb
