生成启动时间为 1/29/2015 5:49:31 PM。
     1>项目“D:\Data\Code\CPR\CPR\CPR.vcxproj”在节点 2 上(build 个目标)。
     1>InitializeBuildStatus:
         正在创建“Debug\CPR.unsuccessfulbuild”，因为已指定“AlwaysCreate”。
       ClCompile:
         所有输出均为最新。
         所有输出均为最新。
       ResourceCompile:
         所有输出均为最新。
       ManifestResourceCompile:
         所有输出均为最新。
       Link:
         所有输出均为最新。
       Manifest:
         所有输出均为最新。
         所有输出均为最新。
       FinalizeBuildStatus:
         正在删除文件“Debug\CPR.unsuccessfulbuild”。
         正在对“Debug\CPR.lastbuildstate”执行 Touch 任务。
     1>已完成生成项目“D:\Data\Code\CPR\CPR\CPR.vcxproj”(build 个目标)的操作。

生成成功。

已用时间 00:00:00.28
